2022/08/10 15:24:18 err: ../model/cube/ suffix not in png,jpg,tif,tga 
2022/08/10 15:24:18 err: ../model/cube/ suffix not in png,jpg,tif,tga 
2022/08/10 15:24:18 sucess
2022/08/10 15:24:27 err: ../model/cube/ suffix not in png,jpg,tif,tga 
2022/08/10 15:24:27 err: ../model/cube/ suffix not in png,jpg,tif,tga 
2022/08/10 15:24:27 sucess
2022/08/10 15:24:52 err: ../model/cube/ suffix not in png,jpg,tif,tga 
2022/08/10 15:24:52 err: ../model/cube/ suffix not in png,jpg,tif,tga 
2022/08/10 15:24:52 sucess
2022/08/10 15:25:09 err: ../model/cube/ suffix not in png,jpg,tif,tga 
2022/08/10 15:25:09 err: ../model/cube/ suffix not in png,jpg,tif,tga 
2022/08/10 15:26:22 err: ../model/cube/ suffix not in png,jpg,tif,tga 
2022/08/10 15:26:22 err: ../model/cube/ suffix not in png,jpg,tif,tga 
2022/08/10 15:28:02 err: ../model/cube/ suffix not in png,jpg,tif,tga 
2022/08/10 15:28:02 err: ../model/cube/ suffix not in png,jpg,tif,tga 
2022/08/10 15:31:05 err: ../model/cube/ suffix not in png,jpg,tif,tga 
2022/08/10 15:31:05 err: ../model/cube/ suffix not in png,jpg,tif,tga 
2022/08/10 15:31:39 sucess
2022/08/10 15:32:05 err: ../model/cube/ suffix not in png,jpg,tif,tga 
2022/08/10 15:32:05 err: ../model/cube/ suffix not in png,jpg,tif,tga 
2022/08/10 15:32:05 sucess
2022/08/10 15:33:54 err: ../model/cube/ suffix not in png,jpg,tif,tga 
2022/08/10 15:33:54 err: ../model/cube/ suffix not in png,jpg,tif,tga 
2022/08/10 15:38:23 err: ../model/cube/ suffix not in png,jpg,tif,tga 
2022/08/10 15:38:23 err: ../model/cube/ suffix not in png,jpg,tif,tga 
2022/08/10 15:38:26 sucess
2022/08/10 15:38:33 err: ../model/cube/ suffix not in png,jpg,tif,tga 
2022/08/10 15:38:33 err: ../model/cube/ suffix not in png,jpg,tif,tga 
2022/08/10 15:38:59 err: ../model/cube/ suffix not in png,jpg,tif,tga 
2022/08/10 15:38:59 err: ../model/cube/ suffix not in png,jpg,tif,tga 
2022/08/10 15:41:46 err: ../model/cube/ suffix not in png,jpg,tif,tga 
2022/08/10 15:41:46 err: ../model/cube/ suffix not in png,jpg,tif,tga 
2022/08/10 15:42:21 sucess
2022/08/10 15:42:42 err: ../model/cube/ suffix not in png,jpg,tif,tga 
2022/08/10 15:42:42 err: ../model/cube/ suffix not in png,jpg,tif,tga 
2022/08/10 15:50:07 err: ../model/cube/ suffix not in png,jpg,tif,tga 
2022/08/10 15:50:07 err: ../model/cube/ suffix not in png,jpg,tif,tga 
2022/08/10 15:50:07 sucess
2022/08/10 15:51:05 err: ../model/cube/ suffix not in png,jpg,tif,tga 
2022/08/10 15:51:05 err: ../model/cube/ suffix not in png,jpg,tif,tga 
2022/08/10 15:51:06 sucess
2022/08/10 15:51:21 err: ../model/cube/ suffix not in png,jpg,tif,tga 
2022/08/10 15:51:21 err: ../model/cube/ suffix not in png,jpg,tif,tga 
2022/08/10 15:51:21 sucess
2022/08/10 15:52:23 err: ../model/cube/ suffix not in png,jpg,tif,tga 
2022/08/10 15:52:23 err: ../model/cube/ suffix not in png,jpg,tif,tga 
2022/08/10 15:52:23 sucess
2022/08/10 15:58:58 err: ../model/cube/ suffix not in png,jpg,tif,tga 
2022/08/10 15:58:58 err: ../model/cube/ suffix not in png,jpg,tif,tga 
2022/08/10 15:58:58 无法打开obj文件 path:E:/MyPro/C/tinyrenderer/objfloor.obj
2022/08/10 15:59:26 err: ../model/cube/ suffix not in png,jpg,tif,tga 
2022/08/10 15:59:26 err: ../model/cube/ suffix not in png,jpg,tif,tga 
2022/08/10 15:59:26 无法打开obj文件 path:E:/MyPro/C/tinyrenderer/objfloor.obj
2022/08/10 15:59:43 err: ../model/cube/ suffix not in png,jpg,tif,tga 
2022/08/10 15:59:43 err: ../model/cube/ suffix not in png,jpg,tif,tga 
2022/08/10 15:59:43 无法打开obj文件 path:E:/MyPro/C/tinyrenderer/objfloor.obj
2022/08/10 16:00:18 err: ../model/cube/ suffix not in png,jpg,tif,tga 
2022/08/10 16:00:18 err: ../model/cube/ suffix not in png,jpg,tif,tga 
2022/08/10 16:00:23 sucess
2022/08/10 16:00:23 sucess
2022/08/10 16:01:11 err: ../model/cube/ suffix not in png,jpg,tif,tga 
2022/08/10 16:01:11 err: ../model/cube/ suffix not in png,jpg,tif,tga 
2022/08/10 16:01:11 sucess
2022/08/10 16:01:11 sucess
2022/08/10 16:03:18 err: ../model/cube/ suffix not in png,jpg,tif,tga 
2022/08/10 16:03:18 err: ../model/cube/ suffix not in png,jpg,tif,tga 
2022/08/10 16:03:18 err: E:/MyPro/C/tinyrenderer/obj/ suffix not in png,jpg,tif,tga 
2022/08/10 16:03:18 err: E:/MyPro/C/tinyrenderer/obj/ suffix not in png,jpg,tif,tga 
2022/08/10 16:03:18 sucess
2022/08/10 16:03:18 sucess
2022/08/10 16:03:57 err: ../model/cube/ suffix not in png,jpg,tif,tga 
2022/08/10 16:03:57 err: ../model/cube/ suffix not in png,jpg,tif,tga 
2022/08/10 16:03:57 err: E:/MyPro/C/tinyrenderer/obj/ suffix not in png,jpg,tif,tga 
2022/08/10 16:03:57 err: E:/MyPro/C/tinyrenderer/obj/ suffix not in png,jpg,tif,tga 
2022/08/10 16:06:29 err: ../model/cube/ suffix not in png,jpg,tif,tga 
2022/08/10 16:06:29 err: ../model/cube/ suffix not in png,jpg,tif,tga 
2022/08/10 16:06:29 err: E:/MyPro/C/tinyrenderer/obj/ suffix not in png,jpg,tif,tga 
2022/08/10 16:06:29 err: E:/MyPro/C/tinyrenderer/obj/ suffix not in png,jpg,tif,tga 
2022/08/10 16:07:44 err: ../model/cube/ suffix not in png,jpg,tif,tga 
2022/08/10 16:07:44 err: ../model/cube/ suffix not in png,jpg,tif,tga 
2022/08/10 16:07:44 err: E:/MyPro/C/tinyrenderer/obj/ suffix not in png,jpg,tif,tga 
2022/08/10 16:07:44 err: E:/MyPro/C/tinyrenderer/obj/ suffix not in png,jpg,tif,tga 
2022/08/10 16:07:44 sucess
2022/08/10 16:07:44 sucess
2022/08/10 16:08:03 err: ../model/cube/ suffix not in png,jpg,tif,tga 
2022/08/10 16:08:03 err: ../model/cube/ suffix not in png,jpg,tif,tga 
2022/08/10 16:08:03 err: E:/MyPro/C/tinyrenderer/obj/ suffix not in png,jpg,tif,tga 
2022/08/10 16:08:03 err: E:/MyPro/C/tinyrenderer/obj/ suffix not in png,jpg,tif,tga 
2022/08/10 16:08:03 sucess
2022/08/10 16:08:10 err: ../model/cube/ suffix not in png,jpg,tif,tga 
2022/08/10 16:08:10 err: ../model/cube/ suffix not in png,jpg,tif,tga 
2022/08/10 16:08:10 err: E:/MyPro/C/tinyrenderer/obj/ suffix not in png,jpg,tif,tga 
2022/08/10 16:08:10 err: E:/MyPro/C/tinyrenderer/obj/ suffix not in png,jpg,tif,tga 
2022/08/10 16:08:11 sucess
2022/08/10 16:08:21 err: ../model/cube/ suffix not in png,jpg,tif,tga 
2022/08/10 16:08:21 err: ../model/cube/ suffix not in png,jpg,tif,tga 
2022/08/10 16:08:21 err: E:/MyPro/C/tinyrenderer/obj/ suffix not in png,jpg,tif,tga 
2022/08/10 16:08:21 err: E:/MyPro/C/tinyrenderer/obj/ suffix not in png,jpg,tif,tga 
2022/08/10 16:08:21 sucess
2022/08/10 16:08:32 err: ../model/cube/ suffix not in png,jpg,tif,tga 
2022/08/10 16:08:32 err: ../model/cube/ suffix not in png,jpg,tif,tga 
2022/08/10 16:08:32 err: E:/MyPro/C/tinyrenderer/obj/ suffix not in png,jpg,tif,tga 
2022/08/10 16:08:33 err: E:/MyPro/C/tinyrenderer/obj/ suffix not in png,jpg,tif,tga 
2022/08/10 16:08:33 sucess
2022/08/10 16:08:41 err: ../model/cube/ suffix not in png,jpg,tif,tga 
2022/08/10 16:08:41 err: ../model/cube/ suffix not in png,jpg,tif,tga 
2022/08/10 16:08:41 err: E:/MyPro/C/tinyrenderer/obj/ suffix not in png,jpg,tif,tga 
2022/08/10 16:08:41 err: E:/MyPro/C/tinyrenderer/obj/ suffix not in png,jpg,tif,tga 
2022/08/10 16:08:41 sucess
2022/08/10 16:09:08 err: ../model/cube/ suffix not in png,jpg,tif,tga 
2022/08/10 16:09:08 err: ../model/cube/ suffix not in png,jpg,tif,tga 
2022/08/10 16:09:08 err: E:/MyPro/C/tinyrenderer/obj/ suffix not in png,jpg,tif,tga 
2022/08/10 16:09:08 err: E:/MyPro/C/tinyrenderer/obj/ suffix not in png,jpg,tif,tga 
2022/08/10 16:09:08 sucess
2022/08/10 16:09:16 err: ../model/cube/ suffix not in png,jpg,tif,tga 
2022/08/10 16:09:16 err: ../model/cube/ suffix not in png,jpg,tif,tga 
2022/08/10 16:09:16 err: E:/MyPro/C/tinyrenderer/obj/ suffix not in png,jpg,tif,tga 
2022/08/10 16:09:16 err: E:/MyPro/C/tinyrenderer/obj/ suffix not in png,jpg,tif,tga 
2022/08/10 16:09:16 sucess
2022/08/10 16:09:22 err: ../model/cube/ suffix not in png,jpg,tif,tga 
2022/08/10 16:09:22 err: ../model/cube/ suffix not in png,jpg,tif,tga 
2022/08/10 16:09:22 err: E:/MyPro/C/tinyrenderer/obj/ suffix not in png,jpg,tif,tga 
2022/08/10 16:09:22 err: E:/MyPro/C/tinyrenderer/obj/ suffix not in png,jpg,tif,tga 
2022/08/10 16:09:22 sucess
2022/08/10 16:09:29 err: ../model/cube/ suffix not in png,jpg,tif,tga 
2022/08/10 16:09:29 err: ../model/cube/ suffix not in png,jpg,tif,tga 
2022/08/10 16:09:29 err: E:/MyPro/C/tinyrenderer/obj/ suffix not in png,jpg,tif,tga 
2022/08/10 16:09:29 err: E:/MyPro/C/tinyrenderer/obj/ suffix not in png,jpg,tif,tga 
2022/08/10 16:09:31 sucess
2022/08/10 16:09:45 err: ../model/cube/ suffix not in png,jpg,tif,tga 
2022/08/10 16:09:45 err: ../model/cube/ suffix not in png,jpg,tif,tga 
2022/08/10 16:09:45 err: E:/MyPro/C/tinyrenderer/obj/ suffix not in png,jpg,tif,tga 
2022/08/10 16:09:45 err: E:/MyPro/C/tinyrenderer/obj/ suffix not in png,jpg,tif,tga 
2022/08/10 16:09:47 sucess
2022/08/10 16:10:26 err: ../model/cube/ suffix not in png,jpg,tif,tga 
2022/08/10 16:10:26 err: ../model/cube/ suffix not in png,jpg,tif,tga 
2022/08/10 16:10:26 err: E:/MyPro/C/tinyrenderer/obj/ suffix not in png,jpg,tif,tga 
2022/08/10 16:10:26 err: E:/MyPro/C/tinyrenderer/obj/ suffix not in png,jpg,tif,tga 
2022/08/10 16:10:28 sucess
2022/08/10 16:10:57 err: ../model/cube/ suffix not in png,jpg,tif,tga 
2022/08/10 16:10:57 err: ../model/cube/ suffix not in png,jpg,tif,tga 
2022/08/10 16:10:57 err: E:/MyPro/C/tinyrenderer/obj/ suffix not in png,jpg,tif,tga 
2022/08/10 16:10:57 err: E:/MyPro/C/tinyrenderer/obj/ suffix not in png,jpg,tif,tga 
2022/08/10 16:10:57 sucess
2022/08/10 16:11:07 err: ../model/cube/ suffix not in png,jpg,tif,tga 
2022/08/10 16:11:07 err: ../model/cube/ suffix not in png,jpg,tif,tga 
2022/08/10 16:11:07 err: E:/MyPro/C/tinyrenderer/obj/ suffix not in png,jpg,tif,tga 
2022/08/10 16:11:07 err: E:/MyPro/C/tinyrenderer/obj/ suffix not in png,jpg,tif,tga 
2022/08/10 16:13:27 sucess
2022/08/10 16:14:43 err: ../model/cube/ suffix not in png,jpg,tif,tga 
2022/08/10 16:14:43 err: ../model/cube/ suffix not in png,jpg,tif,tga 
2022/08/10 16:14:43 err: E:/MyPro/C/tinyrenderer/obj/ suffix not in png,jpg,tif,tga 
2022/08/10 16:14:43 err: E:/MyPro/C/tinyrenderer/obj/ suffix not in png,jpg,tif,tga 
2022/08/10 16:14:44 sucess
2022/08/10 16:14:44 sucess
2022/08/10 16:14:59 err: ../model/cube/ suffix not in png,jpg,tif,tga 
2022/08/10 16:14:59 err: ../model/cube/ suffix not in png,jpg,tif,tga 
2022/08/10 16:14:59 err: E:/MyPro/C/tinyrenderer/obj/ suffix not in png,jpg,tif,tga 
2022/08/10 16:14:59 err: E:/MyPro/C/tinyrenderer/obj/ suffix not in png,jpg,tif,tga 
2022/08/10 16:15:00 sucess
2022/08/10 16:15:07 err: ../model/cube/ suffix not in png,jpg,tif,tga 
2022/08/10 16:15:07 err: ../model/cube/ suffix not in png,jpg,tif,tga 
2022/08/10 16:15:07 err: E:/MyPro/C/tinyrenderer/obj/ suffix not in png,jpg,tif,tga 
2022/08/10 16:15:07 err: E:/MyPro/C/tinyrenderer/obj/ suffix not in png,jpg,tif,tga 
2022/08/10 16:15:07 sucess
2022/08/10 16:15:14 err: ../model/cube/ suffix not in png,jpg,tif,tga 
2022/08/10 16:15:14 err: ../model/cube/ suffix not in png,jpg,tif,tga 
2022/08/10 16:15:14 err: E:/MyPro/C/tinyrenderer/obj/ suffix not in png,jpg,tif,tga 
2022/08/10 16:15:14 err: E:/MyPro/C/tinyrenderer/obj/ suffix not in png,jpg,tif,tga 
2022/08/10 16:15:15 sucess
2022/08/10 16:16:06 err: ../model/cube/ suffix not in png,jpg,tif,tga 
2022/08/10 16:16:06 err: ../model/cube/ suffix not in png,jpg,tif,tga 
2022/08/10 16:16:06 err: E:/MyPro/C/tinyrenderer/obj/ suffix not in png,jpg,tif,tga 
2022/08/10 16:16:06 err: E:/MyPro/C/tinyrenderer/obj/ suffix not in png,jpg,tif,tga 
2022/08/10 16:17:06 err: ../model/cube/ suffix not in png,jpg,tif,tga 
2022/08/10 16:17:06 err: ../model/cube/ suffix not in png,jpg,tif,tga 
2022/08/10 16:17:06 err: E:/MyPro/C/tinyrenderer/obj/ suffix not in png,jpg,tif,tga 
2022/08/10 16:17:06 err: E:/MyPro/C/tinyrenderer/obj/ suffix not in png,jpg,tif,tga 
2022/08/10 16:17:21 sucess
2022/08/10 16:17:32 err: ../model/cube/ suffix not in png,jpg,tif,tga 
2022/08/10 16:17:32 err: ../model/cube/ suffix not in png,jpg,tif,tga 
2022/08/10 16:17:32 err: E:/MyPro/C/tinyrenderer/obj/ suffix not in png,jpg,tif,tga 
2022/08/10 16:17:32 err: E:/MyPro/C/tinyrenderer/obj/ suffix not in png,jpg,tif,tga 
2022/08/10 16:17:33 sucess
2022/08/10 16:17:37 err: ../model/cube/ suffix not in png,jpg,tif,tga 
2022/08/10 16:17:37 err: ../model/cube/ suffix not in png,jpg,tif,tga 
2022/08/10 16:17:37 err: E:/MyPro/C/tinyrenderer/obj/ suffix not in png,jpg,tif,tga 
2022/08/10 16:17:37 err: E:/MyPro/C/tinyrenderer/obj/ suffix not in png,jpg,tif,tga 
2022/08/10 16:17:37 sucess
2022/08/10 16:17:42 err: ../model/cube/ suffix not in png,jpg,tif,tga 
2022/08/10 16:17:42 err: ../model/cube/ suffix not in png,jpg,tif,tga 
2022/08/10 16:17:42 err: E:/MyPro/C/tinyrenderer/obj/ suffix not in png,jpg,tif,tga 
2022/08/10 16:17:42 err: E:/MyPro/C/tinyrenderer/obj/ suffix not in png,jpg,tif,tga 
2022/08/10 16:17:43 sucess
2022/08/10 16:17:49 err: ../model/cube/ suffix not in png,jpg,tif,tga 
2022/08/10 16:17:49 err: ../model/cube/ suffix not in png,jpg,tif,tga 
2022/08/10 16:17:49 err: E:/MyPro/C/tinyrenderer/obj/ suffix not in png,jpg,tif,tga 
2022/08/10 16:17:49 err: E:/MyPro/C/tinyrenderer/obj/ suffix not in png,jpg,tif,tga 
2022/08/10 16:17:49 sucess
2022/08/10 16:18:44 err: ../model/cube/ suffix not in png,jpg,tif,tga 
2022/08/10 16:18:44 err: ../model/cube/ suffix not in png,jpg,tif,tga 
2022/08/10 16:18:44 err: E:/MyPro/C/tinyrenderer/obj/ suffix not in png,jpg,tif,tga 
2022/08/10 16:18:44 err: E:/MyPro/C/tinyrenderer/obj/ suffix not in png,jpg,tif,tga 
2022/08/10 16:18:45 sucess
2022/08/10 16:18:53 err: ../model/cube/ suffix not in png,jpg,tif,tga 
2022/08/10 16:18:53 err: ../model/cube/ suffix not in png,jpg,tif,tga 
2022/08/10 16:18:53 err: E:/MyPro/C/tinyrenderer/obj/ suffix not in png,jpg,tif,tga 
2022/08/10 16:18:53 err: E:/MyPro/C/tinyrenderer/obj/ suffix not in png,jpg,tif,tga 
2022/08/10 16:18:54 sucess
2022/08/10 16:18:54 sucess
2022/08/10 16:19:07 err: ../model/cube/ suffix not in png,jpg,tif,tga 
2022/08/10 16:19:07 err: ../model/cube/ suffix not in png,jpg,tif,tga 
2022/08/10 16:19:07 err: E:/MyPro/C/tinyrenderer/obj/ suffix not in png,jpg,tif,tga 
2022/08/10 16:19:07 err: E:/MyPro/C/tinyrenderer/obj/ suffix not in png,jpg,tif,tga 
2022/08/10 16:19:07 sucess
2022/08/10 16:19:07 sucess
2022/08/10 16:19:20 err: ../model/cube/ suffix not in png,jpg,tif,tga 
2022/08/10 16:19:20 err: ../model/cube/ suffix not in png,jpg,tif,tga 
2022/08/10 16:19:20 err: E:/MyPro/C/tinyrenderer/obj/ suffix not in png,jpg,tif,tga 
2022/08/10 16:19:20 err: E:/MyPro/C/tinyrenderer/obj/ suffix not in png,jpg,tif,tga 
2022/08/10 16:19:20 sucess
2022/08/10 16:19:20 sucess
2022/08/10 16:19:26 err: ../model/cube/ suffix not in png,jpg,tif,tga 
2022/08/10 16:19:26 err: ../model/cube/ suffix not in png,jpg,tif,tga 
2022/08/10 16:19:26 err: E:/MyPro/C/tinyrenderer/obj/ suffix not in png,jpg,tif,tga 
2022/08/10 16:19:26 err: E:/MyPro/C/tinyrenderer/obj/ suffix not in png,jpg,tif,tga 
2022/08/10 16:19:27 sucess
2022/08/10 16:19:27 sucess
2022/08/10 16:19:29 err: ../model/cube/ suffix not in png,jpg,tif,tga 
2022/08/10 16:19:29 err: ../model/cube/ suffix not in png,jpg,tif,tga 
2022/08/10 16:19:29 err: E:/MyPro/C/tinyrenderer/obj/ suffix not in png,jpg,tif,tga 
2022/08/10 16:19:29 err: E:/MyPro/C/tinyrenderer/obj/ suffix not in png,jpg,tif,tga 
2022/08/10 16:19:30 sucess
2022/08/10 16:19:30 sucess
2022/08/10 16:19:35 err: ../model/cube/ suffix not in png,jpg,tif,tga 
2022/08/10 16:19:35 err: ../model/cube/ suffix not in png,jpg,tif,tga 
2022/08/10 16:19:35 err: E:/MyPro/C/tinyrenderer/obj/ suffix not in png,jpg,tif,tga 
2022/08/10 16:19:35 err: E:/MyPro/C/tinyrenderer/obj/ suffix not in png,jpg,tif,tga 
2022/08/10 16:19:35 sucess
2022/08/10 16:19:35 sucess
2022/08/10 16:19:40 err: ../model/cube/ suffix not in png,jpg,tif,tga 
2022/08/10 16:19:40 err: ../model/cube/ suffix not in png,jpg,tif,tga 
2022/08/10 16:19:40 err: E:/MyPro/C/tinyrenderer/obj/ suffix not in png,jpg,tif,tga 
2022/08/10 16:19:40 err: E:/MyPro/C/tinyrenderer/obj/ suffix not in png,jpg,tif,tga 
2022/08/10 16:19:40 sucess
2022/08/10 16:19:40 sucess
2022/08/10 16:19:47 err: ../model/cube/ suffix not in png,jpg,tif,tga 
2022/08/10 16:19:47 err: ../model/cube/ suffix not in png,jpg,tif,tga 
2022/08/10 16:19:47 err: E:/MyPro/C/tinyrenderer/obj/ suffix not in png,jpg,tif,tga 
2022/08/10 16:19:47 err: E:/MyPro/C/tinyrenderer/obj/ suffix not in png,jpg,tif,tga 
2022/08/10 16:19:47 sucess
2022/08/10 16:19:47 sucess
2022/08/10 16:19:55 err: ../model/cube/ suffix not in png,jpg,tif,tga 
2022/08/10 16:19:55 err: ../model/cube/ suffix not in png,jpg,tif,tga 
2022/08/10 16:19:55 err: E:/MyPro/C/tinyrenderer/obj/ suffix not in png,jpg,tif,tga 
2022/08/10 16:19:55 err: E:/MyPro/C/tinyrenderer/obj/ suffix not in png,jpg,tif,tga 
2022/08/10 16:19:55 sucess
2022/08/10 16:19:55 sucess
2022/08/10 16:20:08 err: ../model/cube/ suffix not in png,jpg,tif,tga 
2022/08/10 16:20:08 err: ../model/cube/ suffix not in png,jpg,tif,tga 
2022/08/10 16:20:08 err: E:/MyPro/C/tinyrenderer/obj/ suffix not in png,jpg,tif,tga 
2022/08/10 16:20:09 err: E:/MyPro/C/tinyrenderer/obj/ suffix not in png,jpg,tif,tga 
2022/08/10 16:20:09 sucess
2022/08/10 16:22:01 err: ../model/cube/ suffix not in png,jpg,tif,tga 
2022/08/10 16:22:01 err: ../model/cube/ suffix not in png,jpg,tif,tga 
2022/08/10 16:22:01 err: E:/MyPro/C/tinyrenderer/obj/ suffix not in png,jpg,tif,tga 
2022/08/10 16:22:01 err: E:/MyPro/C/tinyrenderer/obj/ suffix not in png,jpg,tif,tga 
2022/08/10 16:22:02 sucess
2022/08/10 16:22:16 err: ../model/cube/ suffix not in png,jpg,tif,tga 
2022/08/10 16:22:16 err: ../model/cube/ suffix not in png,jpg,tif,tga 
2022/08/10 16:22:16 err: E:/MyPro/C/tinyrenderer/obj/ suffix not in png,jpg,tif,tga 
2022/08/10 16:22:16 err: E:/MyPro/C/tinyrenderer/obj/ suffix not in png,jpg,tif,tga 
2022/08/10 16:22:16 sucess
2022/08/10 16:22:26 err: ../model/cube/ suffix not in png,jpg,tif,tga 
2022/08/10 16:22:26 err: ../model/cube/ suffix not in png,jpg,tif,tga 
2022/08/10 16:22:26 err: E:/MyPro/C/tinyrenderer/obj/ suffix not in png,jpg,tif,tga 
2022/08/10 16:22:26 err: E:/MyPro/C/tinyrenderer/obj/ suffix not in png,jpg,tif,tga 
2022/08/10 16:22:28 sucess
2022/08/10 16:22:42 err: ../model/cube/ suffix not in png,jpg,tif,tga 
2022/08/10 16:22:42 err: ../model/cube/ suffix not in png,jpg,tif,tga 
2022/08/10 16:22:42 err: E:/MyPro/C/tinyrenderer/obj/ suffix not in png,jpg,tif,tga 
2022/08/10 16:22:42 err: E:/MyPro/C/tinyrenderer/obj/ suffix not in png,jpg,tif,tga 
2022/08/10 16:22:44 sucess
2022/08/10 16:22:44 sucess
2022/08/10 16:23:02 err: ../model/cube/ suffix not in png,jpg,tif,tga 
2022/08/10 16:23:02 err: ../model/cube/ suffix not in png,jpg,tif,tga 
2022/08/10 16:23:02 err: E:/MyPro/C/tinyrenderer/obj/ suffix not in png,jpg,tif,tga 
2022/08/10 16:23:02 err: E:/MyPro/C/tinyrenderer/obj/ suffix not in png,jpg,tif,tga 
2022/08/10 16:23:02 sucess
2022/08/10 16:23:02 sucess
2022/08/10 16:23:09 err: ../model/cube/ suffix not in png,jpg,tif,tga 
2022/08/10 16:23:09 err: ../model/cube/ suffix not in png,jpg,tif,tga 
2022/08/10 16:23:09 err: E:/MyPro/C/tinyrenderer/obj/ suffix not in png,jpg,tif,tga 
2022/08/10 16:23:09 err: E:/MyPro/C/tinyrenderer/obj/ suffix not in png,jpg,tif,tga 
2022/08/10 16:23:10 sucess
2022/08/10 16:23:10 sucess
2022/08/10 16:23:34 err: ../model/cube/ suffix not in png,jpg,tif,tga 
2022/08/10 16:23:34 err: ../model/cube/ suffix not in png,jpg,tif,tga 
2022/08/10 16:23:34 err: E:/MyPro/C/tinyrenderer/obj/ suffix not in png,jpg,tif,tga 
2022/08/10 16:23:34 err: E:/MyPro/C/tinyrenderer/obj/ suffix not in png,jpg,tif,tga 
2022/08/10 16:23:34 sucess
2022/08/10 16:23:34 sucess
2022/08/10 16:23:40 err: ../model/cube/ suffix not in png,jpg,tif,tga 
2022/08/10 16:23:40 err: ../model/cube/ suffix not in png,jpg,tif,tga 
2022/08/10 16:23:40 err: E:/MyPro/C/tinyrenderer/obj/ suffix not in png,jpg,tif,tga 
2022/08/10 16:23:40 err: E:/MyPro/C/tinyrenderer/obj/ suffix not in png,jpg,tif,tga 
2022/08/10 16:23:41 sucess
2022/08/10 16:23:41 sucess
2022/08/10 16:24:06 err: ../model/cube/ suffix not in png,jpg,tif,tga 
2022/08/10 16:24:06 err: ../model/cube/ suffix not in png,jpg,tif,tga 
2022/08/10 16:24:06 err: E:/MyPro/C/tinyrenderer/obj/ suffix not in png,jpg,tif,tga 
2022/08/10 16:24:06 err: E:/MyPro/C/tinyrenderer/obj/ suffix not in png,jpg,tif,tga 
2022/08/10 16:24:06 sucess
2022/08/10 16:24:06 sucess
2022/08/10 16:24:11 err: ../model/cube/ suffix not in png,jpg,tif,tga 
2022/08/10 16:24:11 err: ../model/cube/ suffix not in png,jpg,tif,tga 
2022/08/10 16:24:11 err: E:/MyPro/C/tinyrenderer/obj/ suffix not in png,jpg,tif,tga 
2022/08/10 16:24:11 err: E:/MyPro/C/tinyrenderer/obj/ suffix not in png,jpg,tif,tga 
2022/08/10 16:24:13 sucess
2022/08/10 16:24:13 sucess
2022/08/10 16:24:32 err: ../model/cube/ suffix not in png,jpg,tif,tga 
2022/08/10 16:24:32 err: ../model/cube/ suffix not in png,jpg,tif,tga 
2022/08/10 16:24:32 err: E:/MyPro/C/tinyrenderer/obj/ suffix not in png,jpg,tif,tga 
2022/08/10 16:24:32 err: E:/MyPro/C/tinyrenderer/obj/ suffix not in png,jpg,tif,tga 
2022/08/10 16:24:34 sucess
2022/08/10 16:24:34 sucess
2022/08/10 16:25:12 err: ../model/cube/ suffix not in png,jpg,tif,tga 
2022/08/10 16:25:12 err: ../model/cube/ suffix not in png,jpg,tif,tga 
2022/08/10 16:25:12 err: E:/MyPro/C/tinyrenderer/obj/ suffix not in png,jpg,tif,tga 
2022/08/10 16:25:12 err: E:/MyPro/C/tinyrenderer/obj/ suffix not in png,jpg,tif,tga 
2022/08/10 16:25:12 sucess
2022/08/10 16:25:12 sucess
2022/08/10 16:25:35 err: ../model/cube/ suffix not in png,jpg,tif,tga 
2022/08/10 16:25:35 err: ../model/cube/ suffix not in png,jpg,tif,tga 
2022/08/10 16:25:35 err: E:/MyPro/C/tinyrenderer/obj/ suffix not in png,jpg,tif,tga 
2022/08/10 16:25:35 err: E:/MyPro/C/tinyrenderer/obj/ suffix not in png,jpg,tif,tga 
2022/08/10 16:25:35 sucess
2022/08/10 16:25:35 sucess
2022/08/10 16:25:50 err: ../model/cube/ suffix not in png,jpg,tif,tga 
2022/08/10 16:25:50 err: ../model/cube/ suffix not in png,jpg,tif,tga 
2022/08/10 16:25:50 err: E:/MyPro/C/tinyrenderer/obj/ suffix not in png,jpg,tif,tga 
2022/08/10 16:25:50 err: E:/MyPro/C/tinyrenderer/obj/ suffix not in png,jpg,tif,tga 
2022/08/10 16:25:50 sucess
2022/08/10 16:26:11 err: ../model/cube/ suffix not in png,jpg,tif,tga 
2022/08/10 16:26:11 err: ../model/cube/ suffix not in png,jpg,tif,tga 
2022/08/10 16:26:11 err: E:/MyPro/C/tinyrenderer/obj/ suffix not in png,jpg,tif,tga 
2022/08/10 16:26:11 err: E:/MyPro/C/tinyrenderer/obj/ suffix not in png,jpg,tif,tga 
2022/08/10 16:26:11 sucess
2022/08/10 16:26:35 err: ../model/cube/ suffix not in png,jpg,tif,tga 
2022/08/10 16:26:35 err: ../model/cube/ suffix not in png,jpg,tif,tga 
2022/08/10 16:26:35 err: E:/MyPro/C/tinyrenderer/obj/ suffix not in png,jpg,tif,tga 
2022/08/10 16:26:35 err: E:/MyPro/C/tinyrenderer/obj/ suffix not in png,jpg,tif,tga 
2022/08/10 16:26:36 sucess
2022/08/10 16:26:49 err: ../model/cube/ suffix not in png,jpg,tif,tga 
2022/08/10 16:26:49 err: ../model/cube/ suffix not in png,jpg,tif,tga 
2022/08/10 16:26:49 err: E:/MyPro/C/tinyrenderer/obj/ suffix not in png,jpg,tif,tga 
2022/08/10 16:26:49 err: E:/MyPro/C/tinyrenderer/obj/ suffix not in png,jpg,tif,tga 
2022/08/10 16:26:49 sucess
2022/08/10 16:26:49 sucess
2022/08/10 16:29:25 err: ../model/cube/ suffix not in png,jpg,tif,tga 
2022/08/10 16:29:25 err: ../model/cube/ suffix not in png,jpg,tif,tga 
2022/08/10 16:29:25 err: E:/MyPro/C/tinyrenderer/obj/ suffix not in png,jpg,tif,tga 
2022/08/10 16:29:25 err: E:/MyPro/C/tinyrenderer/obj/ suffix not in png,jpg,tif,tga 
2022/08/10 16:29:25 sucess
2022/08/10 16:29:25 sucess
2022/08/10 16:30:34 err: ../model/cube/ suffix not in png,jpg,tif,tga 
2022/08/10 16:30:34 err: ../model/cube/ suffix not in png,jpg,tif,tga 
2022/08/10 16:30:34 err: E:/MyPro/C/tinyrenderer/obj/ suffix not in png,jpg,tif,tga 
2022/08/10 16:30:34 err: E:/MyPro/C/tinyrenderer/obj/ suffix not in png,jpg,tif,tga 
2022/08/10 16:30:34 sucess
2022/08/10 16:30:34 sucess
2022/08/10 16:30:45 err: ../model/cube/ suffix not in png,jpg,tif,tga 
2022/08/10 16:30:45 err: ../model/cube/ suffix not in png,jpg,tif,tga 
2022/08/10 16:30:45 err: E:/MyPro/C/tinyrenderer/obj/ suffix not in png,jpg,tif,tga 
2022/08/10 16:30:45 err: E:/MyPro/C/tinyrenderer/obj/ suffix not in png,jpg,tif,tga 
2022/08/10 16:30:45 sucess
2022/08/10 16:30:45 sucess
2022/08/10 16:31:24 err: ../model/cube/ suffix not in png,jpg,tif,tga 
2022/08/10 16:31:24 err: ../model/cube/ suffix not in png,jpg,tif,tga 
2022/08/10 16:31:24 err: E:/MyPro/C/tinyrenderer/obj/ suffix not in png,jpg,tif,tga 
2022/08/10 16:31:24 err: E:/MyPro/C/tinyrenderer/obj/ suffix not in png,jpg,tif,tga 
2022/08/10 16:31:24 sucess
2022/08/10 16:31:24 sucess
2022/08/10 16:31:29 err: ../model/cube/ suffix not in png,jpg,tif,tga 
2022/08/10 16:31:29 err: ../model/cube/ suffix not in png,jpg,tif,tga 
2022/08/10 16:31:29 err: E:/MyPro/C/tinyrenderer/obj/ suffix not in png,jpg,tif,tga 
2022/08/10 16:31:29 err: E:/MyPro/C/tinyrenderer/obj/ suffix not in png,jpg,tif,tga 
2022/08/10 16:31:29 sucess
2022/08/10 16:31:29 sucess
2022/08/10 16:31:58 err: ../model/cube/ suffix not in png,jpg,tif,tga 
2022/08/10 16:31:58 err: ../model/cube/ suffix not in png,jpg,tif,tga 
2022/08/10 16:31:58 err: E:/MyPro/C/tinyrenderer/obj/ suffix not in png,jpg,tif,tga 
2022/08/10 16:31:58 err: E:/MyPro/C/tinyrenderer/obj/ suffix not in png,jpg,tif,tga 
2022/08/10 16:31:58 sucess
2022/08/10 16:31:58 sucess
2022/08/10 16:32:14 err: ../model/cube/ suffix not in png,jpg,tif,tga 
2022/08/10 16:32:14 err: ../model/cube/ suffix not in png,jpg,tif,tga 
2022/08/10 16:32:14 err: E:/MyPro/C/tinyrenderer/obj/ suffix not in png,jpg,tif,tga 
2022/08/10 16:32:14 err: E:/MyPro/C/tinyrenderer/obj/ suffix not in png,jpg,tif,tga 
2022/08/10 16:32:15 sucess
2022/08/10 16:32:15 sucess
2022/08/10 16:32:21 err: ../model/cube/ suffix not in png,jpg,tif,tga 
2022/08/10 16:32:21 err: ../model/cube/ suffix not in png,jpg,tif,tga 
2022/08/10 16:32:21 err: E:/MyPro/C/tinyrenderer/obj/ suffix not in png,jpg,tif,tga 
2022/08/10 16:32:21 err: E:/MyPro/C/tinyrenderer/obj/ suffix not in png,jpg,tif,tga 
2022/08/10 16:32:21 sucess
2022/08/10 16:32:21 sucess
2022/08/10 16:32:37 err: ../model/cube/ suffix not in png,jpg,tif,tga 
2022/08/10 16:32:37 err: ../model/cube/ suffix not in png,jpg,tif,tga 
2022/08/10 16:32:37 err: E:/MyPro/C/tinyrenderer/obj/ suffix not in png,jpg,tif,tga 
2022/08/10 16:32:37 err: E:/MyPro/C/tinyrenderer/obj/ suffix not in png,jpg,tif,tga 
2022/08/10 16:32:37 sucess
2022/08/10 16:32:37 sucess
2022/08/10 16:32:48 err: ../model/cube/ suffix not in png,jpg,tif,tga 
2022/08/10 16:32:48 err: ../model/cube/ suffix not in png,jpg,tif,tga 
2022/08/10 16:32:48 err: E:/MyPro/C/tinyrenderer/obj/ suffix not in png,jpg,tif,tga 
2022/08/10 16:32:48 err: E:/MyPro/C/tinyrenderer/obj/ suffix not in png,jpg,tif,tga 
2022/08/10 16:32:49 sucess
2022/08/10 16:32:54 err: ../model/cube/ suffix not in png,jpg,tif,tga 
2022/08/10 16:32:54 err: ../model/cube/ suffix not in png,jpg,tif,tga 
2022/08/10 16:32:54 err: E:/MyPro/C/tinyrenderer/obj/ suffix not in png,jpg,tif,tga 
2022/08/10 16:32:54 err: E:/MyPro/C/tinyrenderer/obj/ suffix not in png,jpg,tif,tga 
2022/08/10 16:32:54 sucess
2022/08/10 16:34:30 err: ../model/cube/ suffix not in png,jpg,tif,tga 
2022/08/10 16:34:30 err: ../model/cube/ suffix not in png,jpg,tif,tga 
2022/08/10 16:34:30 err: E:/MyPro/C/tinyrenderer/obj/ suffix not in png,jpg,tif,tga 
2022/08/10 16:34:30 err: E:/MyPro/C/tinyrenderer/obj/ suffix not in png,jpg,tif,tga 
2022/08/10 16:34:31 sucess
2022/08/10 16:34:31 sucess
2022/08/10 16:34:39 err: ../model/cube/ suffix not in png,jpg,tif,tga 
2022/08/10 16:34:39 err: ../model/cube/ suffix not in png,jpg,tif,tga 
2022/08/10 16:34:39 err: E:/MyPro/C/tinyrenderer/obj/ suffix not in png,jpg,tif,tga 
2022/08/10 16:34:39 err: E:/MyPro/C/tinyrenderer/obj/ suffix not in png,jpg,tif,tga 
2022/08/10 16:34:39 sucess
2022/08/10 16:34:40 sucess
2022/08/10 16:38:26 err: ../model/cube/ suffix not in png,jpg,tif,tga 
2022/08/10 16:38:26 err: ../model/cube/ suffix not in png,jpg,tif,tga 
2022/08/10 16:38:26 err: E:/MyPro/C/tinyrenderer/obj/ suffix not in png,jpg,tif,tga 
2022/08/10 16:38:26 err: E:/MyPro/C/tinyrenderer/obj/ suffix not in png,jpg,tif,tga 
2022/08/10 16:38:26 sucess
2022/08/10 16:38:26 sucess
2022/08/10 16:46:13 err: ../model/cube/ suffix not in png,jpg,tif,tga 
2022/08/10 16:46:13 err: ../model/cube/ suffix not in png,jpg,tif,tga 
2022/08/10 16:46:13 err: E:/MyPro/C/tinyrenderer/obj/ suffix not in png,jpg,tif,tga 
2022/08/10 16:46:13 err: E:/MyPro/C/tinyrenderer/obj/ suffix not in png,jpg,tif,tga 
2022/08/10 16:46:14 sucess
2022/08/10 16:46:14 sucess
2022/08/10 16:47:19 err: ../model/cube/ suffix not in png,jpg,tif,tga 
2022/08/10 16:47:19 err: ../model/cube/ suffix not in png,jpg,tif,tga 
2022/08/10 16:47:19 err: E:/MyPro/C/tinyrenderer/obj/ suffix not in png,jpg,tif,tga 
2022/08/10 16:47:19 err: E:/MyPro/C/tinyrenderer/obj/ suffix not in png,jpg,tif,tga 
2022/08/10 16:47:20 sucess
2022/08/10 16:47:20 sucess
2022/08/10 16:47:43 err: ../model/cube/ suffix not in png,jpg,tif,tga 
2022/08/10 16:47:43 err: ../model/cube/ suffix not in png,jpg,tif,tga 
2022/08/10 16:47:43 err: E:/MyPro/C/tinyrenderer/obj/ suffix not in png,jpg,tif,tga 
2022/08/10 16:47:43 err: E:/MyPro/C/tinyrenderer/obj/ suffix not in png,jpg,tif,tga 
2022/08/10 16:47:44 sucess
2022/08/10 16:47:44 sucess
2022/08/10 16:48:05 err: ../model/cube/ suffix not in png,jpg,tif,tga 
2022/08/10 16:48:05 err: ../model/cube/ suffix not in png,jpg,tif,tga 
2022/08/10 16:48:05 err: E:/MyPro/C/tinyrenderer/obj/ suffix not in png,jpg,tif,tga 
2022/08/10 16:48:05 err: E:/MyPro/C/tinyrenderer/obj/ suffix not in png,jpg,tif,tga 
2022/08/10 16:48:05 sucess
2022/08/10 16:48:05 sucess
2022/08/10 16:48:19 err: ../model/cube/ suffix not in png,jpg,tif,tga 
2022/08/10 16:48:19 err: ../model/cube/ suffix not in png,jpg,tif,tga 
2022/08/10 16:48:19 err: E:/MyPro/C/tinyrenderer/obj/ suffix not in png,jpg,tif,tga 
2022/08/10 16:48:19 err: E:/MyPro/C/tinyrenderer/obj/ suffix not in png,jpg,tif,tga 
2022/08/10 16:48:19 sucess
2022/08/10 16:48:19 sucess
2022/08/10 16:48:29 err: ../model/cube/ suffix not in png,jpg,tif,tga 
2022/08/10 16:48:29 err: ../model/cube/ suffix not in png,jpg,tif,tga 
2022/08/10 16:48:29 err: E:/MyPro/C/tinyrenderer/obj/ suffix not in png,jpg,tif,tga 
2022/08/10 16:48:29 err: E:/MyPro/C/tinyrenderer/obj/ suffix not in png,jpg,tif,tga 
2022/08/10 16:48:29 sucess
2022/08/10 16:48:29 sucess
2022/08/10 16:48:44 err: ../model/cube/ suffix not in png,jpg,tif,tga 
2022/08/10 16:48:44 err: ../model/cube/ suffix not in png,jpg,tif,tga 
2022/08/10 16:48:44 err: E:/MyPro/C/tinyrenderer/obj/ suffix not in png,jpg,tif,tga 
2022/08/10 16:48:44 err: E:/MyPro/C/tinyrenderer/obj/ suffix not in png,jpg,tif,tga 
2022/08/10 16:48:44 sucess
2022/08/10 16:48:44 sucess
2022/08/10 16:55:39 err: ../model/cube/ suffix not in png,jpg,tif,tga 
2022/08/10 16:55:39 err: ../model/cube/ suffix not in png,jpg,tif,tga 
2022/08/10 16:55:39 err: E:/MyPro/C/tinyrenderer/obj/ suffix not in png,jpg,tif,tga 
2022/08/10 16:55:39 err: E:/MyPro/C/tinyrenderer/obj/ suffix not in png,jpg,tif,tga 
2022/08/10 16:55:39 sucess
2022/08/10 16:55:39 sucess
2022/08/10 16:55:58 err: ../model/cube/ suffix not in png,jpg,tif,tga 
2022/08/10 16:55:58 err: ../model/cube/ suffix not in png,jpg,tif,tga 
2022/08/10 16:55:58 err: E:/MyPro/C/tinyrenderer/obj/ suffix not in png,jpg,tif,tga 
2022/08/10 16:55:58 err: E:/MyPro/C/tinyrenderer/obj/ suffix not in png,jpg,tif,tga 
2022/08/10 16:55:59 sucess
2022/08/10 16:55:59 sucess
2022/08/10 16:56:36 err: ../model/cube/ suffix not in png,jpg,tif,tga 
2022/08/10 16:56:36 err: ../model/cube/ suffix not in png,jpg,tif,tga 
2022/08/10 16:56:36 err: E:/MyPro/C/tinyrenderer/obj/ suffix not in png,jpg,tif,tga 
2022/08/10 16:56:36 err: E:/MyPro/C/tinyrenderer/obj/ suffix not in png,jpg,tif,tga 
2022/08/10 16:56:37 sucess
2022/08/10 16:56:37 sucess
2022/08/10 16:57:12 err: ../model/cube/ suffix not in png,jpg,tif,tga 
2022/08/10 16:57:12 err: ../model/cube/ suffix not in png,jpg,tif,tga 
2022/08/10 16:57:12 err: E:/MyPro/C/tinyrenderer/obj/ suffix not in png,jpg,tif,tga 
2022/08/10 16:57:12 err: E:/MyPro/C/tinyrenderer/obj/ suffix not in png,jpg,tif,tga 
2022/08/10 16:57:12 sucess
2022/08/10 16:57:12 sucess
2022/08/10 16:57:23 err: ../model/cube/ suffix not in png,jpg,tif,tga 
2022/08/10 16:57:23 err: ../model/cube/ suffix not in png,jpg,tif,tga 
2022/08/10 16:57:23 err: E:/MyPro/C/tinyrenderer/obj/ suffix not in png,jpg,tif,tga 
2022/08/10 16:57:23 err: E:/MyPro/C/tinyrenderer/obj/ suffix not in png,jpg,tif,tga 
2022/08/10 16:57:23 sucess
2022/08/10 16:57:23 sucess
2022/08/10 17:04:32 err: ../model/cube/ suffix not in png,jpg,tif,tga 
2022/08/10 17:04:32 err: ../model/cube/ suffix not in png,jpg,tif,tga 
2022/08/10 17:04:32 err: E:/MyPro/C/tinyrenderer/obj/ suffix not in png,jpg,tif,tga 
2022/08/10 17:04:32 err: E:/MyPro/C/tinyrenderer/obj/ suffix not in png,jpg,tif,tga 
2022/08/10 17:04:32 sucess
2022/08/10 17:04:32 sucess
2022/08/10 17:05:11 err: ../model/cube/ suffix not in png,jpg,tif,tga 
2022/08/10 17:05:11 err: ../model/cube/ suffix not in png,jpg,tif,tga 
2022/08/10 17:05:11 err: E:/MyPro/C/tinyrenderer/obj/ suffix not in png,jpg,tif,tga 
2022/08/10 17:05:11 err: E:/MyPro/C/tinyrenderer/obj/ suffix not in png,jpg,tif,tga 
2022/08/10 17:05:11 sucess
2022/08/10 17:05:11 sucess
2022/08/10 17:05:39 err: ../model/cube/ suffix not in png,jpg,tif,tga 
2022/08/10 17:05:39 err: ../model/cube/ suffix not in png,jpg,tif,tga 
2022/08/10 17:05:39 err: E:/MyPro/C/tinyrenderer/obj/ suffix not in png,jpg,tif,tga 
2022/08/10 17:05:39 err: E:/MyPro/C/tinyrenderer/obj/ suffix not in png,jpg,tif,tga 
2022/08/10 17:05:39 sucess
2022/08/10 17:05:39 sucess
2022/08/10 17:05:46 err: ../model/cube/ suffix not in png,jpg,tif,tga 
2022/08/10 17:05:46 err: ../model/cube/ suffix not in png,jpg,tif,tga 
2022/08/10 17:05:46 err: E:/MyPro/C/tinyrenderer/obj/ suffix not in png,jpg,tif,tga 
2022/08/10 17:05:46 err: E:/MyPro/C/tinyrenderer/obj/ suffix not in png,jpg,tif,tga 
2022/08/10 17:05:46 sucess
2022/08/10 17:05:46 sucess
2022/08/10 17:06:09 err: ../model/cube/ suffix not in png,jpg,tif,tga 
2022/08/10 17:06:09 err: ../model/cube/ suffix not in png,jpg,tif,tga 
2022/08/10 17:06:09 err: E:/MyPro/C/tinyrenderer/obj/ suffix not in png,jpg,tif,tga 
2022/08/10 17:06:09 err: E:/MyPro/C/tinyrenderer/obj/ suffix not in png,jpg,tif,tga 
2022/08/10 17:06:09 sucess
2022/08/10 17:06:09 sucess
2022/08/10 17:08:17 err: ../model/cube/ suffix not in png,jpg,tif,tga 
2022/08/10 17:08:17 err: ../model/cube/ suffix not in png,jpg,tif,tga 
2022/08/10 17:08:17 err: E:/MyPro/C/tinyrenderer/obj/ suffix not in png,jpg,tif,tga 
2022/08/10 17:08:17 err: E:/MyPro/C/tinyrenderer/obj/ suffix not in png,jpg,tif,tga 
2022/08/10 17:08:17 sucess
2022/08/10 17:08:17 sucess
2022/08/10 20:04:09 err: ../model/cube/ suffix not in png,jpg,tif,tga 
2022/08/10 20:04:09 err: ../model/cube/ suffix not in png,jpg,tif,tga 
2022/08/10 20:04:09 err: E:/MyPro/C/tinyrenderer/obj/ suffix not in png,jpg,tif,tga 
2022/08/10 20:04:09 err: E:/MyPro/C/tinyrenderer/obj/ suffix not in png,jpg,tif,tga 
2022/08/10 20:04:10 sucess
2022/08/10 20:04:10 sucess
2022/08/10 20:06:18 err: ../model/cube/ suffix not in png,jpg,tif,tga 
2022/08/10 20:06:18 err: ../model/cube/ suffix not in png,jpg,tif,tga 
2022/08/10 20:06:18 err: E:/MyPro/C/tinyrenderer/obj/ suffix not in png,jpg,tif,tga 
2022/08/10 20:06:18 err: E:/MyPro/C/tinyrenderer/obj/ suffix not in png,jpg,tif,tga 
2022/08/10 20:06:18 sucess
2022/08/10 20:06:18 sucess
2022/08/10 20:06:51 err: ../model/cube/ suffix not in png,jpg,tif,tga 
2022/08/10 20:06:51 err: ../model/cube/ suffix not in png,jpg,tif,tga 
2022/08/10 20:06:51 err: E:/MyPro/C/tinyrenderer/obj/ suffix not in png,jpg,tif,tga 
2022/08/10 20:06:51 err: E:/MyPro/C/tinyrenderer/obj/ suffix not in png,jpg,tif,tga 
2022/08/10 20:06:52 sucess
2022/08/10 20:06:52 sucess
2022/08/10 20:08:49 err: ../model/cube/ suffix not in png,jpg,tif,tga 
2022/08/10 20:08:49 err: ../model/cube/ suffix not in png,jpg,tif,tga 
2022/08/10 20:08:49 err: E:/MyPro/C/tinyrenderer/obj/ suffix not in png,jpg,tif,tga 
2022/08/10 20:08:49 err: E:/MyPro/C/tinyrenderer/obj/ suffix not in png,jpg,tif,tga 
2022/08/10 20:08:49 sucess
2022/08/10 20:08:49 sucess
2022/08/10 20:09:12 err: ../model/cube/ suffix not in png,jpg,tif,tga 
2022/08/10 20:09:12 err: ../model/cube/ suffix not in png,jpg,tif,tga 
2022/08/10 20:09:12 err: E:/MyPro/C/tinyrenderer/obj/ suffix not in png,jpg,tif,tga 
2022/08/10 20:09:12 err: E:/MyPro/C/tinyrenderer/obj/ suffix not in png,jpg,tif,tga 
2022/08/10 20:09:13 sucess
2022/08/10 20:09:13 sucess
2022/08/10 20:10:24 err: ../model/cube/ suffix not in png,jpg,tif,tga 
2022/08/10 20:10:24 err: ../model/cube/ suffix not in png,jpg,tif,tga 
2022/08/10 20:10:24 err: E:/MyPro/C/tinyrenderer/obj/ suffix not in png,jpg,tif,tga 
2022/08/10 20:10:24 err: E:/MyPro/C/tinyrenderer/obj/ suffix not in png,jpg,tif,tga 
2022/08/10 20:10:24 sucess
2022/08/10 20:10:24 sucess
2022/08/10 20:14:16 err: ../model/cube/ suffix not in png,jpg,tif,tga 
2022/08/10 20:14:16 err: ../model/cube/ suffix not in png,jpg,tif,tga 
2022/08/10 20:14:16 err: E:/MyPro/C/tinyrenderer/obj/ suffix not in png,jpg,tif,tga 
2022/08/10 20:14:16 err: E:/MyPro/C/tinyrenderer/obj/ suffix not in png,jpg,tif,tga 
2022/08/10 20:14:16 sucess
2022/08/10 20:14:16 sucess
2022/08/10 20:16:30 err: ../model/cube/ suffix not in png,jpg,tif,tga 
2022/08/10 20:16:30 err: ../model/cube/ suffix not in png,jpg,tif,tga 
2022/08/10 20:16:30 err: E:/MyPro/C/tinyrenderer/obj/ suffix not in png,jpg,tif,tga 
2022/08/10 20:16:30 err: E:/MyPro/C/tinyrenderer/obj/ suffix not in png,jpg,tif,tga 
2022/08/10 20:16:30 sucess
2022/08/10 20:16:30 sucess
2022/08/10 20:17:13 err: ../model/cube/ suffix not in png,jpg,tif,tga 
2022/08/10 20:17:13 err: ../model/cube/ suffix not in png,jpg,tif,tga 
2022/08/10 20:17:13 err: E:/MyPro/C/tinyrenderer/obj/ suffix not in png,jpg,tif,tga 
2022/08/10 20:17:13 err: E:/MyPro/C/tinyrenderer/obj/ suffix not in png,jpg,tif,tga 
2022/08/10 20:17:13 sucess
2022/08/10 20:17:13 sucess
2022/08/10 20:17:27 err: ../model/cube/ suffix not in png,jpg,tif,tga 
2022/08/10 20:17:27 err: ../model/cube/ suffix not in png,jpg,tif,tga 
2022/08/10 20:17:27 err: E:/MyPro/C/tinyrenderer/obj/ suffix not in png,jpg,tif,tga 
2022/08/10 20:17:27 err: E:/MyPro/C/tinyrenderer/obj/ suffix not in png,jpg,tif,tga 
2022/08/10 20:17:27 sucess
2022/08/10 20:17:27 sucess
2022/08/10 20:17:43 err: ../model/cube/ suffix not in png,jpg,tif,tga 
2022/08/10 20:17:43 err: ../model/cube/ suffix not in png,jpg,tif,tga 
2022/08/10 20:17:43 err: E:/MyPro/C/tinyrenderer/obj/ suffix not in png,jpg,tif,tga 
2022/08/10 20:17:43 err: E:/MyPro/C/tinyrenderer/obj/ suffix not in png,jpg,tif,tga 
2022/08/10 20:17:43 sucess
2022/08/10 20:17:43 sucess
2022/08/10 20:17:53 err: ../model/cube/ suffix not in png,jpg,tif,tga 
2022/08/10 20:17:53 err: ../model/cube/ suffix not in png,jpg,tif,tga 
2022/08/10 20:17:53 err: E:/MyPro/C/tinyrenderer/obj/ suffix not in png,jpg,tif,tga 
2022/08/10 20:17:53 err: E:/MyPro/C/tinyrenderer/obj/ suffix not in png,jpg,tif,tga 
2022/08/10 20:17:53 sucess
2022/08/10 20:18:26 err: ../model/cube/ suffix not in png,jpg,tif,tga 
2022/08/10 20:18:26 err: ../model/cube/ suffix not in png,jpg,tif,tga 
2022/08/10 20:18:26 err: E:/MyPro/C/tinyrenderer/obj/ suffix not in png,jpg,tif,tga 
2022/08/10 20:18:26 err: E:/MyPro/C/tinyrenderer/obj/ suffix not in png,jpg,tif,tga 
2022/08/10 20:18:26 sucess
2022/08/10 20:18:26 sucess
2022/08/10 20:19:06 err: ../model/cube/ suffix not in png,jpg,tif,tga 
2022/08/10 20:19:06 err: ../model/cube/ suffix not in png,jpg,tif,tga 
2022/08/10 20:19:06 err: E:/MyPro/C/tinyrenderer/obj/ suffix not in png,jpg,tif,tga 
2022/08/10 20:19:06 err: E:/MyPro/C/tinyrenderer/obj/ suffix not in png,jpg,tif,tga 
2022/08/10 20:19:06 sucess
2022/08/10 20:19:06 sucess
2022/08/10 20:19:12 err: ../model/cube/ suffix not in png,jpg,tif,tga 
2022/08/10 20:19:12 err: ../model/cube/ suffix not in png,jpg,tif,tga 
2022/08/10 20:19:12 err: E:/MyPro/C/tinyrenderer/obj/ suffix not in png,jpg,tif,tga 
2022/08/10 20:19:12 err: E:/MyPro/C/tinyrenderer/obj/ suffix not in png,jpg,tif,tga 
2022/08/10 20:19:12 sucess
2022/08/10 20:19:12 sucess
2022/08/10 20:22:25 err: ../model/Crate/ suffix not in png,jpg,tif,tga 
2022/08/10 20:22:25 err: ../model/Crate/ suffix not in png,jpg,tif,tga 
2022/08/10 20:22:25 err: E:/MyPro/C/tinyrenderer/obj/ suffix not in png,jpg,tif,tga 
2022/08/10 20:22:25 err: E:/MyPro/C/tinyrenderer/obj/ suffix not in png,jpg,tif,tga 
2022/08/10 20:22:25 sucess
2022/08/10 20:22:25 sucess
2022/08/10 20:22:50 err: ../model/Crate/ suffix not in png,jpg,tif,tga 
2022/08/10 20:22:50 err: ../model/Crate/ suffix not in png,jpg,tif,tga 
2022/08/10 20:22:50 err: E:/MyPro/C/tinyrenderer/obj/ suffix not in png,jpg,tif,tga 
2022/08/10 20:22:50 err: E:/MyPro/C/tinyrenderer/obj/ suffix not in png,jpg,tif,tga 
2022/08/10 20:22:50 sucess
2022/08/10 20:22:51 sucess
2022/08/10 20:23:16 err: ../model/Crate/ suffix not in png,jpg,tif,tga 
2022/08/10 20:23:16 err: ../model/Crate/ suffix not in png,jpg,tif,tga 
2022/08/10 20:23:16 err: E:/MyPro/C/tinyrenderer/obj/ suffix not in png,jpg,tif,tga 
2022/08/10 20:23:16 err: E:/MyPro/C/tinyrenderer/obj/ suffix not in png,jpg,tif,tga 
2022/08/10 20:23:16 sucess
2022/08/10 20:24:00 err: ../model/Crate/ suffix not in png,jpg,tif,tga 
2022/08/10 20:24:00 err: ../model/Crate/ suffix not in png,jpg,tif,tga 
2022/08/10 20:24:00 err: E:/MyPro/C/tinyrenderer/obj/ suffix not in png,jpg,tif,tga 
2022/08/10 20:24:00 err: E:/MyPro/C/tinyrenderer/obj/ suffix not in png,jpg,tif,tga 
2022/08/10 20:24:00 sucess
2022/08/10 20:24:01 sucess
2022/08/10 20:24:15 err: ../model/Crate/ suffix not in png,jpg,tif,tga 
2022/08/10 20:24:15 err: ../model/Crate/ suffix not in png,jpg,tif,tga 
2022/08/10 20:24:15 err: E:/MyPro/C/tinyrenderer/obj/ suffix not in png,jpg,tif,tga 
2022/08/10 20:24:15 err: E:/MyPro/C/tinyrenderer/obj/ suffix not in png,jpg,tif,tga 
2022/08/10 20:24:15 sucess
2022/08/10 20:25:02 err: ../model/Crate/ suffix not in png,jpg,tif,tga 
2022/08/10 20:25:02 err: ../model/Crate/ suffix not in png,jpg,tif,tga 
2022/08/12 09:42:53 err: ../model/Crate/ suffix not in png,jpg,tif,tga 
2022/08/12 09:42:53 err: ../model/Crate/ suffix not in png,jpg,tif,tga 
2022/08/12 09:42:57 err: E:/MyPro/C/tinyrenderer/obj/ suffix not in png,jpg,tif,tga 
2022/08/12 09:42:57 err: E:/MyPro/C/tinyrenderer/obj/ suffix not in png,jpg,tif,tga 
2022/08/12 09:42:57 sucess
2022/08/12 09:43:11 err: ../model/Crate/ suffix not in png,jpg,tif,tga 
2022/08/12 09:43:11 err: ../model/Crate/ suffix not in png,jpg,tif,tga 
2022/08/12 09:43:11 err: E:/MyPro/C/tinyrenderer/obj/ suffix not in png,jpg,tif,tga 
2022/08/12 09:43:11 err: E:/MyPro/C/tinyrenderer/obj/ suffix not in png,jpg,tif,tga 
2022/08/12 09:43:11 sucess
2022/08/12 09:43:29 err: ../model/Crate/ suffix not in png,jpg,tif,tga 
2022/08/12 09:43:29 err: ../model/Crate/ suffix not in png,jpg,tif,tga 
2022/08/12 09:43:29 err: E:/MyPro/C/tinyrenderer/obj/ suffix not in png,jpg,tif,tga 
2022/08/12 09:43:29 err: E:/MyPro/C/tinyrenderer/obj/ suffix not in png,jpg,tif,tga 
2022/08/12 09:43:29 sucess
2022/08/12 09:43:30 sucess
2022/08/12 09:43:56 err: ../model/Crate/ suffix not in png,jpg,tif,tga 
2022/08/12 09:43:56 err: ../model/Crate/ suffix not in png,jpg,tif,tga 
2022/08/12 09:43:56 err: E:/MyPro/C/tinyrenderer/obj/ suffix not in png,jpg,tif,tga 
2022/08/12 09:43:56 err: E:/MyPro/C/tinyrenderer/obj/ suffix not in png,jpg,tif,tga 
2022/08/12 09:43:56 sucess
2022/08/12 09:43:56 sucess
2022/08/12 09:44:06 err: ../model/Crate/ suffix not in png,jpg,tif,tga 
2022/08/12 09:44:06 err: ../model/Crate/ suffix not in png,jpg,tif,tga 
2022/08/12 09:44:06 err: E:/MyPro/C/tinyrenderer/obj/ suffix not in png,jpg,tif,tga 
2022/08/12 09:44:06 err: E:/MyPro/C/tinyrenderer/obj/ suffix not in png,jpg,tif,tga 
2022/08/12 09:44:06 sucess
2022/08/12 09:44:07 sucess
2022/08/12 09:44:14 err: ../model/Crate/ suffix not in png,jpg,tif,tga 
2022/08/12 09:44:14 err: ../model/Crate/ suffix not in png,jpg,tif,tga 
2022/08/12 09:44:14 err: E:/MyPro/C/tinyrenderer/obj/ suffix not in png,jpg,tif,tga 
2022/08/12 09:44:14 err: E:/MyPro/C/tinyrenderer/obj/ suffix not in png,jpg,tif,tga 
2022/08/12 09:44:15 sucess
2022/08/12 09:44:15 sucess
2022/08/12 09:44:18 err: ../model/Crate/ suffix not in png,jpg,tif,tga 
2022/08/12 09:44:18 err: ../model/Crate/ suffix not in png,jpg,tif,tga 
2022/08/12 09:44:18 err: E:/MyPro/C/tinyrenderer/obj/ suffix not in png,jpg,tif,tga 
2022/08/12 09:44:19 err: E:/MyPro/C/tinyrenderer/obj/ suffix not in png,jpg,tif,tga 
2022/08/12 09:44:19 sucess
2022/08/12 09:44:19 sucess
2022/08/12 09:44:26 err: ../model/Crate/ suffix not in png,jpg,tif,tga 
2022/08/12 09:44:26 err: ../model/Crate/ suffix not in png,jpg,tif,tga 
2022/08/12 09:44:26 err: E:/MyPro/C/tinyrenderer/obj/ suffix not in png,jpg,tif,tga 
2022/08/12 09:44:26 err: E:/MyPro/C/tinyrenderer/obj/ suffix not in png,jpg,tif,tga 
2022/08/12 09:44:26 sucess
2022/08/12 09:44:26 sucess
2022/08/12 09:45:12 err: ../model/Crate/ suffix not in png,jpg,tif,tga 
2022/08/12 09:45:12 err: ../model/Crate/ suffix not in png,jpg,tif,tga 
2022/08/12 09:45:12 err: E:/MyPro/C/tinyrenderer/obj/ suffix not in png,jpg,tif,tga 
2022/08/12 09:45:13 err: E:/MyPro/C/tinyrenderer/obj/ suffix not in png,jpg,tif,tga 
2022/08/12 09:45:13 sucess
2022/08/12 09:45:13 sucess
2022/08/12 09:45:21 err: ../model/Crate/ suffix not in png,jpg,tif,tga 
2022/08/12 09:45:21 err: ../model/Crate/ suffix not in png,jpg,tif,tga 
2022/08/12 09:45:21 err: E:/MyPro/C/tinyrenderer/obj/ suffix not in png,jpg,tif,tga 
2022/08/12 09:45:21 err: E:/MyPro/C/tinyrenderer/obj/ suffix not in png,jpg,tif,tga 
2022/08/12 09:45:21 sucess
2022/08/12 09:45:21 sucess
2022/08/12 09:46:26 err: ../model/Crate/ suffix not in png,jpg,tif,tga 
2022/08/12 09:46:26 err: ../model/Crate/ suffix not in png,jpg,tif,tga 
2022/08/12 09:46:26 err: E:/MyPro/C/tinyrenderer/obj/ suffix not in png,jpg,tif,tga 
2022/08/12 09:46:26 err: E:/MyPro/C/tinyrenderer/obj/ suffix not in png,jpg,tif,tga 
2022/08/12 09:46:26 sucess
2022/08/12 09:46:26 sucess
2022/08/12 09:46:40 err: ../model/Crate/ suffix not in png,jpg,tif,tga 
2022/08/12 09:46:40 err: ../model/Crate/ suffix not in png,jpg,tif,tga 
2022/08/12 09:46:40 err: E:/MyPro/C/tinyrenderer/obj/ suffix not in png,jpg,tif,tga 
2022/08/12 09:46:40 err: E:/MyPro/C/tinyrenderer/obj/ suffix not in png,jpg,tif,tga 
2022/08/12 09:46:40 sucess
2022/08/12 09:46:40 sucess
2022/08/12 09:46:51 err: ../model/Crate/ suffix not in png,jpg,tif,tga 
2022/08/12 09:46:51 err: ../model/Crate/ suffix not in png,jpg,tif,tga 
2022/08/12 09:46:51 err: E:/MyPro/C/tinyrenderer/obj/ suffix not in png,jpg,tif,tga 
2022/08/12 09:46:52 err: E:/MyPro/C/tinyrenderer/obj/ suffix not in png,jpg,tif,tga 
2022/08/12 09:46:52 sucess
2022/08/12 09:46:52 sucess
2022/08/12 09:47:04 err: ../model/Crate/ suffix not in png,jpg,tif,tga 
2022/08/12 09:47:04 err: ../model/Crate/ suffix not in png,jpg,tif,tga 
2022/08/12 09:47:04 err: E:/MyPro/C/tinyrenderer/obj/ suffix not in png,jpg,tif,tga 
2022/08/12 09:47:04 err: E:/MyPro/C/tinyrenderer/obj/ suffix not in png,jpg,tif,tga 
2022/08/12 09:47:04 sucess
2022/08/12 09:47:04 sucess
2022/08/12 09:47:10 err: ../model/Crate/ suffix not in png,jpg,tif,tga 
2022/08/12 09:47:10 err: ../model/Crate/ suffix not in png,jpg,tif,tga 
2022/08/12 09:47:10 err: E:/MyPro/C/tinyrenderer/obj/ suffix not in png,jpg,tif,tga 
2022/08/12 09:47:10 err: E:/MyPro/C/tinyrenderer/obj/ suffix not in png,jpg,tif,tga 
2022/08/12 09:47:10 sucess
2022/08/12 09:47:10 sucess
2022/08/12 09:47:20 err: ../model/Crate/ suffix not in png,jpg,tif,tga 
2022/08/12 09:47:20 err: ../model/Crate/ suffix not in png,jpg,tif,tga 
2022/08/12 09:47:20 err: E:/MyPro/C/tinyrenderer/obj/ suffix not in png,jpg,tif,tga 
2022/08/12 09:47:20 err: E:/MyPro/C/tinyrenderer/obj/ suffix not in png,jpg,tif,tga 
2022/08/12 09:47:20 sucess
2022/08/12 09:47:20 sucess
2022/08/12 09:47:30 err: ../model/Crate/ suffix not in png,jpg,tif,tga 
2022/08/12 09:47:30 err: ../model/Crate/ suffix not in png,jpg,tif,tga 
2022/08/12 09:47:30 err: E:/MyPro/C/tinyrenderer/obj/ suffix not in png,jpg,tif,tga 
2022/08/12 09:47:30 err: E:/MyPro/C/tinyrenderer/obj/ suffix not in png,jpg,tif,tga 
2022/08/12 09:47:30 sucess
2022/08/12 09:47:30 sucess
2022/08/12 09:47:35 err: ../model/Crate/ suffix not in png,jpg,tif,tga 
2022/08/12 09:47:35 err: ../model/Crate/ suffix not in png,jpg,tif,tga 
2022/08/12 09:47:35 err: E:/MyPro/C/tinyrenderer/obj/ suffix not in png,jpg,tif,tga 
2022/08/12 09:47:35 err: E:/MyPro/C/tinyrenderer/obj/ suffix not in png,jpg,tif,tga 
2022/08/12 09:47:35 sucess
2022/08/12 09:47:35 sucess
2022/08/12 09:47:40 err: ../model/Crate/ suffix not in png,jpg,tif,tga 
2022/08/12 09:47:40 err: ../model/Crate/ suffix not in png,jpg,tif,tga 
2022/08/12 09:47:40 err: E:/MyPro/C/tinyrenderer/obj/ suffix not in png,jpg,tif,tga 
2022/08/12 09:47:40 err: E:/MyPro/C/tinyrenderer/obj/ suffix not in png,jpg,tif,tga 
2022/08/12 09:47:40 sucess
2022/08/12 09:47:40 sucess
2022/08/12 09:47:46 err: ../model/Crate/ suffix not in png,jpg,tif,tga 
2022/08/12 09:47:46 err: ../model/Crate/ suffix not in png,jpg,tif,tga 
2022/08/12 09:47:46 err: E:/MyPro/C/tinyrenderer/obj/ suffix not in png,jpg,tif,tga 
2022/08/12 09:47:46 err: E:/MyPro/C/tinyrenderer/obj/ suffix not in png,jpg,tif,tga 
2022/08/12 09:47:46 sucess
2022/08/12 09:47:46 sucess
2022/08/12 09:49:05 err: ../model/Crate/ suffix not in png,jpg,tif,tga 
2022/08/12 09:49:05 err: ../model/Crate/ suffix not in png,jpg,tif,tga 
2022/08/12 09:49:05 err: E:/MyPro/C/tinyrenderer/obj/ suffix not in png,jpg,tif,tga 
2022/08/12 09:49:05 err: E:/MyPro/C/tinyrenderer/obj/ suffix not in png,jpg,tif,tga 
2022/08/12 09:49:05 sucess
2022/08/12 09:49:05 sucess
2022/08/12 09:49:14 err: ../model/Crate/ suffix not in png,jpg,tif,tga 
2022/08/12 09:49:14 err: ../model/Crate/ suffix not in png,jpg,tif,tga 
2022/08/12 09:49:14 err: E:/MyPro/C/tinyrenderer/obj/ suffix not in png,jpg,tif,tga 
2022/08/12 09:49:14 err: E:/MyPro/C/tinyrenderer/obj/ suffix not in png,jpg,tif,tga 
2022/08/12 09:49:14 sucess
2022/08/12 09:49:14 sucess
2022/08/12 09:49:18 err: ../model/Crate/ suffix not in png,jpg,tif,tga 
2022/08/12 09:49:18 err: ../model/Crate/ suffix not in png,jpg,tif,tga 
2022/08/12 09:49:18 err: E:/MyPro/C/tinyrenderer/obj/ suffix not in png,jpg,tif,tga 
2022/08/12 09:49:18 err: E:/MyPro/C/tinyrenderer/obj/ suffix not in png,jpg,tif,tga 
2022/08/12 09:49:18 sucess
2022/08/12 09:49:18 sucess
2022/08/12 09:49:23 err: ../model/Crate/ suffix not in png,jpg,tif,tga 
2022/08/12 09:49:23 err: ../model/Crate/ suffix not in png,jpg,tif,tga 
2022/08/12 09:49:23 err: E:/MyPro/C/tinyrenderer/obj/ suffix not in png,jpg,tif,tga 
2022/08/12 09:49:23 err: E:/MyPro/C/tinyrenderer/obj/ suffix not in png,jpg,tif,tga 
2022/08/12 09:49:23 sucess
2022/08/12 09:49:23 sucess
2022/08/12 09:49:27 err: ../model/Crate/ suffix not in png,jpg,tif,tga 
2022/08/12 09:49:27 err: ../model/Crate/ suffix not in png,jpg,tif,tga 
2022/08/12 09:49:27 err: E:/MyPro/C/tinyrenderer/obj/ suffix not in png,jpg,tif,tga 
2022/08/12 09:49:27 err: E:/MyPro/C/tinyrenderer/obj/ suffix not in png,jpg,tif,tga 
2022/08/12 09:49:27 sucess
2022/08/12 09:49:28 sucess
2022/08/12 09:50:35 err: ../model/Crate/ suffix not in png,jpg,tif,tga 
2022/08/12 09:50:35 err: ../model/Crate/ suffix not in png,jpg,tif,tga 
2022/08/12 09:50:35 err: E:/MyPro/C/tinyrenderer/obj/ suffix not in png,jpg,tif,tga 
2022/08/12 09:50:35 err: E:/MyPro/C/tinyrenderer/obj/ suffix not in png,jpg,tif,tga 
2022/08/12 09:50:35 sucess
2022/08/12 09:50:35 sucess
2022/08/12 09:50:48 err: ../model/Crate/ suffix not in png,jpg,tif,tga 
2022/08/12 09:50:48 err: ../model/Crate/ suffix not in png,jpg,tif,tga 
2022/08/12 09:50:48 err: E:/MyPro/C/tinyrenderer/obj/ suffix not in png,jpg,tif,tga 
2022/08/12 09:50:48 err: E:/MyPro/C/tinyrenderer/obj/ suffix not in png,jpg,tif,tga 
2022/08/12 09:50:48 sucess
2022/08/12 09:50:48 sucess
2022/08/12 09:50:56 err: ../model/Crate/ suffix not in png,jpg,tif,tga 
2022/08/12 09:50:56 err: ../model/Crate/ suffix not in png,jpg,tif,tga 
2022/08/12 09:50:56 err: E:/MyPro/C/tinyrenderer/obj/ suffix not in png,jpg,tif,tga 
2022/08/12 09:50:56 err: E:/MyPro/C/tinyrenderer/obj/ suffix not in png,jpg,tif,tga 
2022/08/12 09:50:56 sucess
2022/08/12 09:50:56 sucess
2022/08/12 09:51:06 err: ../model/Crate/ suffix not in png,jpg,tif,tga 
2022/08/12 09:51:06 err: ../model/Crate/ suffix not in png,jpg,tif,tga 
2022/08/12 09:51:06 err: E:/MyPro/C/tinyrenderer/obj/ suffix not in png,jpg,tif,tga 
2022/08/12 09:51:06 err: E:/MyPro/C/tinyrenderer/obj/ suffix not in png,jpg,tif,tga 
2022/08/12 09:51:06 sucess
2022/08/12 09:51:06 sucess
2022/08/12 09:51:11 err: ../model/Crate/ suffix not in png,jpg,tif,tga 
2022/08/12 09:51:11 err: ../model/Crate/ suffix not in png,jpg,tif,tga 
2022/08/12 09:51:11 err: E:/MyPro/C/tinyrenderer/obj/ suffix not in png,jpg,tif,tga 
2022/08/12 09:51:11 err: E:/MyPro/C/tinyrenderer/obj/ suffix not in png,jpg,tif,tga 
2022/08/12 09:51:11 sucess
2022/08/12 09:51:12 sucess
2022/08/12 09:51:15 err: ../model/Crate/ suffix not in png,jpg,tif,tga 
2022/08/12 09:51:15 err: ../model/Crate/ suffix not in png,jpg,tif,tga 
2022/08/12 09:51:15 err: E:/MyPro/C/tinyrenderer/obj/ suffix not in png,jpg,tif,tga 
2022/08/12 09:51:16 err: E:/MyPro/C/tinyrenderer/obj/ suffix not in png,jpg,tif,tga 
2022/08/12 09:51:16 sucess
2022/08/12 09:51:16 sucess
2022/08/12 09:51:41 err: ../model/Crate/ suffix not in png,jpg,tif,tga 
2022/08/12 09:51:41 err: ../model/Crate/ suffix not in png,jpg,tif,tga 
2022/08/12 09:51:41 err: E:/MyPro/C/tinyrenderer/obj/ suffix not in png,jpg,tif,tga 
2022/08/12 09:51:41 err: E:/MyPro/C/tinyrenderer/obj/ suffix not in png,jpg,tif,tga 
2022/08/12 09:51:41 sucess
2022/08/12 09:51:42 sucess
2022/08/12 09:53:17 err: ../model/Crate/ suffix not in png,jpg,tif,tga 
2022/08/12 09:53:17 err: ../model/Crate/ suffix not in png,jpg,tif,tga 
2022/08/12 09:53:17 err: E:/MyPro/C/tinyrenderer/obj/ suffix not in png,jpg,tif,tga 
2022/08/12 09:53:17 err: E:/MyPro/C/tinyrenderer/obj/ suffix not in png,jpg,tif,tga 
2022/08/12 09:53:17 sucess
2022/08/12 09:53:17 sucess
2022/08/12 09:53:21 err: ../model/Crate/ suffix not in png,jpg,tif,tga 
2022/08/12 09:53:21 err: ../model/Crate/ suffix not in png,jpg,tif,tga 
2022/08/12 09:53:21 err: E:/MyPro/C/tinyrenderer/obj/ suffix not in png,jpg,tif,tga 
2022/08/12 09:53:21 err: E:/MyPro/C/tinyrenderer/obj/ suffix not in png,jpg,tif,tga 
2022/08/12 09:53:21 sucess
2022/08/12 09:53:22 sucess
2022/08/12 09:53:25 err: ../model/Crate/ suffix not in png,jpg,tif,tga 
2022/08/12 09:53:25 err: ../model/Crate/ suffix not in png,jpg,tif,tga 
2022/08/12 09:53:25 err: E:/MyPro/C/tinyrenderer/obj/ suffix not in png,jpg,tif,tga 
2022/08/12 09:53:25 err: E:/MyPro/C/tinyrenderer/obj/ suffix not in png,jpg,tif,tga 
2022/08/12 09:53:25 sucess
2022/08/12 09:53:26 sucess
2022/08/12 09:53:34 err: ../model/Crate/ suffix not in png,jpg,tif,tga 
2022/08/12 09:53:34 err: ../model/Crate/ suffix not in png,jpg,tif,tga 
2022/08/12 09:53:34 err: E:/MyPro/C/tinyrenderer/obj/ suffix not in png,jpg,tif,tga 
2022/08/12 09:53:34 err: E:/MyPro/C/tinyrenderer/obj/ suffix not in png,jpg,tif,tga 
2022/08/12 09:53:34 sucess
2022/08/12 09:53:35 sucess
2022/08/12 09:53:44 err: ../model/Crate/ suffix not in png,jpg,tif,tga 
2022/08/12 09:53:44 err: ../model/Crate/ suffix not in png,jpg,tif,tga 
2022/08/12 09:53:44 err: E:/MyPro/C/tinyrenderer/obj/ suffix not in png,jpg,tif,tga 
2022/08/12 09:53:44 err: E:/MyPro/C/tinyrenderer/obj/ suffix not in png,jpg,tif,tga 
2022/08/12 09:53:44 sucess
2022/08/12 09:53:44 sucess
2022/08/12 09:54:00 err: ../model/Crate/ suffix not in png,jpg,tif,tga 
2022/08/12 09:54:00 err: ../model/Crate/ suffix not in png,jpg,tif,tga 
2022/08/12 09:54:00 err: E:/MyPro/C/tinyrenderer/obj/ suffix not in png,jpg,tif,tga 
2022/08/12 09:54:00 err: E:/MyPro/C/tinyrenderer/obj/ suffix not in png,jpg,tif,tga 
2022/08/12 09:54:00 sucess
2022/08/12 09:54:01 sucess
2022/08/12 09:55:18 err: ../model/Crate/ suffix not in png,jpg,tif,tga 
2022/08/12 09:55:18 err: ../model/Crate/ suffix not in png,jpg,tif,tga 
2022/08/12 09:55:18 err: E:/MyPro/C/tinyrenderer/obj/ suffix not in png,jpg,tif,tga 
2022/08/12 09:55:19 err: E:/MyPro/C/tinyrenderer/obj/ suffix not in png,jpg,tif,tga 
2022/08/12 09:55:19 sucess
2022/08/12 09:55:19 sucess
2022/08/12 09:55:43 err: ../model/Crate/ suffix not in png,jpg,tif,tga 
2022/08/12 09:55:43 err: ../model/Crate/ suffix not in png,jpg,tif,tga 
2022/08/12 09:55:43 err: E:/MyPro/C/tinyrenderer/obj/ suffix not in png,jpg,tif,tga 
2022/08/12 09:55:43 err: E:/MyPro/C/tinyrenderer/obj/ suffix not in png,jpg,tif,tga 
2022/08/12 09:55:43 sucess
2022/08/12 09:55:43 sucess
2022/08/12 09:56:02 err: ../model/Crate/ suffix not in png,jpg,tif,tga 
2022/08/12 09:56:02 err: ../model/Crate/ suffix not in png,jpg,tif,tga 
2022/08/12 09:56:02 err: E:/MyPro/C/tinyrenderer/obj/ suffix not in png,jpg,tif,tga 
2022/08/12 09:56:02 err: E:/MyPro/C/tinyrenderer/obj/ suffix not in png,jpg,tif,tga 
2022/08/12 09:56:02 sucess
2022/08/12 09:56:03 sucess
2022/08/12 09:56:16 err: ../model/Crate/ suffix not in png,jpg,tif,tga 
2022/08/12 09:56:16 err: ../model/Crate/ suffix not in png,jpg,tif,tga 
2022/08/12 09:56:16 err: E:/MyPro/C/tinyrenderer/obj/ suffix not in png,jpg,tif,tga 
2022/08/12 09:56:16 err: E:/MyPro/C/tinyrenderer/obj/ suffix not in png,jpg,tif,tga 
2022/08/12 09:56:16 sucess
2022/08/12 09:56:16 sucess
2022/08/12 09:56:27 err: ../model/Crate/ suffix not in png,jpg,tif,tga 
2022/08/12 09:56:27 err: ../model/Crate/ suffix not in png,jpg,tif,tga 
2022/08/12 09:56:27 err: E:/MyPro/C/tinyrenderer/obj/ suffix not in png,jpg,tif,tga 
2022/08/12 09:56:27 err: E:/MyPro/C/tinyrenderer/obj/ suffix not in png,jpg,tif,tga 
2022/08/12 09:56:27 sucess
2022/08/12 09:56:28 sucess
2022/08/12 09:56:34 err: ../model/Crate/ suffix not in png,jpg,tif,tga 
2022/08/12 09:56:34 err: ../model/Crate/ suffix not in png,jpg,tif,tga 
2022/08/12 09:56:34 err: E:/MyPro/C/tinyrenderer/obj/ suffix not in png,jpg,tif,tga 
2022/08/12 09:56:34 err: E:/MyPro/C/tinyrenderer/obj/ suffix not in png,jpg,tif,tga 
2022/08/12 09:56:34 sucess
2022/08/12 09:56:35 sucess
2022/08/12 09:56:39 err: ../model/Crate/ suffix not in png,jpg,tif,tga 
2022/08/12 09:56:39 err: ../model/Crate/ suffix not in png,jpg,tif,tga 
2022/08/12 09:56:39 err: E:/MyPro/C/tinyrenderer/obj/ suffix not in png,jpg,tif,tga 
2022/08/12 09:56:39 err: E:/MyPro/C/tinyrenderer/obj/ suffix not in png,jpg,tif,tga 
2022/08/12 09:56:39 sucess
2022/08/12 09:56:39 sucess
2022/08/12 09:56:45 err: ../model/Crate/ suffix not in png,jpg,tif,tga 
2022/08/12 09:56:45 err: ../model/Crate/ suffix not in png,jpg,tif,tga 
2022/08/12 09:56:45 err: E:/MyPro/C/tinyrenderer/obj/ suffix not in png,jpg,tif,tga 
2022/08/12 09:56:45 err: E:/MyPro/C/tinyrenderer/obj/ suffix not in png,jpg,tif,tga 
2022/08/12 09:56:45 sucess
2022/08/12 09:56:46 sucess
2022/08/12 09:56:52 err: ../model/Crate/ suffix not in png,jpg,tif,tga 
2022/08/12 09:56:52 err: ../model/Crate/ suffix not in png,jpg,tif,tga 
2022/08/12 09:56:52 err: E:/MyPro/C/tinyrenderer/obj/ suffix not in png,jpg,tif,tga 
2022/08/12 09:56:52 err: E:/MyPro/C/tinyrenderer/obj/ suffix not in png,jpg,tif,tga 
2022/08/12 09:56:52 sucess
2022/08/12 09:56:53 sucess
2022/08/12 10:21:47 err: ../model/cube/ suffix not in png,jpg,tif,tga 
2022/08/12 10:21:47 err: ../model/cube/ suffix not in png,jpg,tif,tga 
2022/08/12 10:21:47 err: E:/MyPro/C/tinyrenderer/obj/ suffix not in png,jpg,tif,tga 
2022/08/12 10:21:47 err: E:/MyPro/C/tinyrenderer/obj/ suffix not in png,jpg,tif,tga 
2022/08/12 10:21:47 shadow sucess
2022/08/12 10:21:47 shadow sucess
2022/08/12 10:21:47 sucess
2022/08/12 10:21:48 sucess
2022/08/12 10:22:08 err: ../model/cube/ suffix not in png,jpg,tif,tga 
2022/08/12 10:22:08 err: ../model/cube/ suffix not in png,jpg,tif,tga 
2022/08/12 10:22:08 err: E:/MyPro/C/tinyrenderer/obj/ suffix not in png,jpg,tif,tga 
2022/08/12 10:22:08 err: E:/MyPro/C/tinyrenderer/obj/ suffix not in png,jpg,tif,tga 
2022/08/12 10:22:08 shadow sucess
2022/08/12 10:22:08 sucess
2022/08/12 10:22:08 shadow sucess
2022/08/12 10:22:08 sucess
2022/08/12 10:22:37 err: ../model/cube/ suffix not in png,jpg,tif,tga 
2022/08/12 10:22:37 err: ../model/cube/ suffix not in png,jpg,tif,tga 
2022/08/12 10:22:37 err: E:/MyPro/C/tinyrenderer/obj/ suffix not in png,jpg,tif,tga 
2022/08/12 10:22:37 err: E:/MyPro/C/tinyrenderer/obj/ suffix not in png,jpg,tif,tga 
2022/08/12 10:22:37 sucess
2022/08/12 10:22:37 sucess
2022/08/12 10:22:45 err: ../model/cube/ suffix not in png,jpg,tif,tga 
2022/08/12 10:22:45 err: ../model/cube/ suffix not in png,jpg,tif,tga 
2022/08/12 10:22:45 err: E:/MyPro/C/tinyrenderer/obj/ suffix not in png,jpg,tif,tga 
2022/08/12 10:22:45 err: E:/MyPro/C/tinyrenderer/obj/ suffix not in png,jpg,tif,tga 
2022/08/12 10:22:45 sucess
2022/08/12 10:22:45 sucess
2022/08/12 10:22:59 err: ../model/cube/ suffix not in png,jpg,tif,tga 
2022/08/12 10:22:59 err: ../model/cube/ suffix not in png,jpg,tif,tga 
2022/08/12 10:22:59 err: E:/MyPro/C/tinyrenderer/obj/ suffix not in png,jpg,tif,tga 
2022/08/12 10:22:59 err: E:/MyPro/C/tinyrenderer/obj/ suffix not in png,jpg,tif,tga 
2022/08/12 10:22:59 sucess
2022/08/12 10:22:59 sucess
2022/08/12 10:23:05 err: ../model/cube/ suffix not in png,jpg,tif,tga 
2022/08/12 10:23:05 err: ../model/cube/ suffix not in png,jpg,tif,tga 
2022/08/12 10:23:05 err: E:/MyPro/C/tinyrenderer/obj/ suffix not in png,jpg,tif,tga 
2022/08/12 10:23:05 err: E:/MyPro/C/tinyrenderer/obj/ suffix not in png,jpg,tif,tga 
2022/08/12 10:23:05 sucess
2022/08/12 10:23:05 sucess
2022/08/12 10:23:47 err: ../model/cube/ suffix not in png,jpg,tif,tga 
2022/08/12 10:23:47 err: ../model/cube/ suffix not in png,jpg,tif,tga 
2022/08/12 10:23:47 err: E:/MyPro/C/tinyrenderer/obj/ suffix not in png,jpg,tif,tga 
2022/08/12 10:23:47 err: E:/MyPro/C/tinyrenderer/obj/ suffix not in png,jpg,tif,tga 
2022/08/12 10:23:47 sucess
2022/08/12 10:23:47 sucess
2022/08/12 10:24:00 err: ../model/cube/ suffix not in png,jpg,tif,tga 
2022/08/12 10:24:00 err: ../model/cube/ suffix not in png,jpg,tif,tga 
2022/08/12 10:24:00 err: E:/MyPro/C/tinyrenderer/obj/ suffix not in png,jpg,tif,tga 
2022/08/12 10:24:00 err: E:/MyPro/C/tinyrenderer/obj/ suffix not in png,jpg,tif,tga 
2022/08/12 10:24:00 sucess
2022/08/12 10:24:00 sucess
2022/08/12 10:24:12 err: ../model/cube/ suffix not in png,jpg,tif,tga 
2022/08/12 10:24:12 err: ../model/cube/ suffix not in png,jpg,tif,tga 
2022/08/12 10:24:12 err: E:/MyPro/C/tinyrenderer/obj/ suffix not in png,jpg,tif,tga 
2022/08/12 10:24:12 err: E:/MyPro/C/tinyrenderer/obj/ suffix not in png,jpg,tif,tga 
2022/08/12 10:24:12 shadow sucess
2022/08/12 10:24:12 shadow sucess
2022/08/12 10:24:12 sucess
2022/08/12 10:24:12 sucess
2022/08/12 10:24:20 err: ../model/cube/ suffix not in png,jpg,tif,tga 
2022/08/12 10:24:20 err: ../model/cube/ suffix not in png,jpg,tif,tga 
2022/08/12 10:24:20 err: E:/MyPro/C/tinyrenderer/obj/ suffix not in png,jpg,tif,tga 
2022/08/12 10:24:20 err: E:/MyPro/C/tinyrenderer/obj/ suffix not in png,jpg,tif,tga 
2022/08/12 10:24:20 shadow sucess
2022/08/12 10:24:20 shadow sucess
2022/08/12 10:24:20 sucess
2022/08/12 10:24:20 sucess
2022/08/12 10:39:50 err: ../model/cube/ suffix not in png,jpg,tif,tga 
2022/08/12 10:39:50 err: ../model/cube/ suffix not in png,jpg,tif,tga 
2022/08/12 10:39:50 err: E:/MyPro/C/tinyrenderer/obj/ suffix not in png,jpg,tif,tga 
2022/08/12 10:39:50 err: E:/MyPro/C/tinyrenderer/obj/ suffix not in png,jpg,tif,tga 
2022/08/12 10:39:51 shadow sucess
2022/08/12 10:39:51 shadow sucess
2022/08/12 10:39:51 sucess
2022/08/12 10:39:51 sucess
2022/08/12 10:41:56 err: ../model/cube/ suffix not in png,jpg,tif,tga 
2022/08/12 10:41:56 err: ../model/cube/ suffix not in png,jpg,tif,tga 
2022/08/12 10:41:56 err: E:/MyPro/C/tinyrenderer/obj/ suffix not in png,jpg,tif,tga 
2022/08/12 10:41:56 err: E:/MyPro/C/tinyrenderer/obj/ suffix not in png,jpg,tif,tga 
2022/08/12 10:41:56 shadow sucess
2022/08/12 10:41:56 shadow sucess
2022/08/12 10:41:56 sucess
2022/08/12 10:41:56 sucess
2022/08/12 10:42:15 err: ../model/cube/ suffix not in png,jpg,tif,tga 
2022/08/12 10:42:15 err: ../model/cube/ suffix not in png,jpg,tif,tga 
2022/08/12 10:42:15 err: E:/MyPro/C/tinyrenderer/obj/ suffix not in png,jpg,tif,tga 
2022/08/12 10:42:15 err: E:/MyPro/C/tinyrenderer/obj/ suffix not in png,jpg,tif,tga 
2022/08/12 10:42:15 shadow sucess
2022/08/12 10:42:15 shadow sucess
2022/08/12 10:42:15 sucess
2022/08/12 10:42:15 sucess
2022/08/12 10:45:14 err: ../model/cube/ suffix not in png,jpg,tif,tga 
2022/08/12 10:45:14 err: ../model/cube/ suffix not in png,jpg,tif,tga 
2022/08/12 10:45:14 err: E:/MyPro/C/tinyrenderer/obj/ suffix not in png,jpg,tif,tga 
2022/08/12 10:45:14 err: E:/MyPro/C/tinyrenderer/obj/ suffix not in png,jpg,tif,tga 
2022/08/12 10:45:14 shadow sucess
2022/08/12 10:45:14 shadow sucess
2022/08/12 10:45:14 sucess
2022/08/12 10:45:14 sucess
2022/08/12 10:45:52 err: ../model/cube/ suffix not in png,jpg,tif,tga 
2022/08/12 10:45:52 err: ../model/cube/ suffix not in png,jpg,tif,tga 
2022/08/12 10:45:52 err: E:/MyPro/C/tinyrenderer/obj/ suffix not in png,jpg,tif,tga 
2022/08/12 10:45:52 err: E:/MyPro/C/tinyrenderer/obj/ suffix not in png,jpg,tif,tga 
2022/08/12 10:45:52 shadow sucess
2022/08/12 10:45:52 shadow sucess
2022/08/12 10:45:52 sucess
2022/08/12 10:45:52 sucess
2022/08/12 10:49:14 err: ../model/cube/ suffix not in png,jpg,tif,tga 
2022/08/12 10:49:14 err: ../model/cube/ suffix not in png,jpg,tif,tga 
2022/08/12 10:49:14 err: E:/MyPro/C/tinyrenderer/obj/ suffix not in png,jpg,tif,tga 
2022/08/12 10:49:14 err: E:/MyPro/C/tinyrenderer/obj/ suffix not in png,jpg,tif,tga 
2022/08/12 10:49:14 shadow sucess
2022/08/12 10:49:14 shadow sucess
2022/08/12 10:49:14 sucess
2022/08/12 10:49:14 sucess
2022/08/12 11:24:19 err: ../model/cube/ suffix not in png,jpg,tif,tga 
2022/08/12 11:24:19 err: ../model/cube/ suffix not in png,jpg,tif,tga 
2022/08/12 11:24:19 err: E:/MyPro/C/tinyrenderer/obj/ suffix not in png,jpg,tif,tga 
2022/08/12 11:24:19 err: E:/MyPro/C/tinyrenderer/obj/ suffix not in png,jpg,tif,tga 
2022/08/12 11:24:19 shadow sucess
2022/08/12 11:24:19 shadow sucess
2022/08/12 11:24:19 sucess
2022/08/12 11:24:19 sucess
2022/08/12 11:24:31 err: ../model/cube/ suffix not in png,jpg,tif,tga 
2022/08/12 11:24:31 err: ../model/cube/ suffix not in png,jpg,tif,tga 
2022/08/12 11:24:31 err: E:/MyPro/C/tinyrenderer/obj/ suffix not in png,jpg,tif,tga 
2022/08/12 11:24:31 err: E:/MyPro/C/tinyrenderer/obj/ suffix not in png,jpg,tif,tga 
2022/08/12 11:24:31 shadow sucess
2022/08/12 11:24:31 shadow sucess
2022/08/12 11:24:31 sucess
2022/08/12 11:24:31 sucess
